<?xml version="1.0" encoding="UTF-8"?>
<!-- Generated by org.testng.reporters.JUnitReportReporter -->
<testsuite hostname="LAPTOP-QNRKLN57" failures="0" tests="1" name="in.amazon.JenkinsDemo.VerifyTitle" time="0.022" errors="0" timestamp="2023-07-19T10:13:24 IST" skipped="0">
  <testcase classname="in.amazon.JenkinsDemo.VerifyTitle" name="titleverification" time="0.022"/>
</testsuite> <!-- in.amazon.JenkinsDemo.VerifyTitle -->
